CRITICAL - 2020-09-12 22:50:22 --> CodeIgniter\Autoloader\Autoloader::main(): Failed opening required 'vendor/autoload.php' (include_path='.:/usr/share/php')
#0 [internal function]: CodeIgniter\Debug\Exceptions->shutdownHandler()
#1 {main}
CRITICAL - 2020-09-12 23:01:07 --> syntax error, unexpected 'var_dump' (T_STRING)
#0 /var/www/html/test-carefy/vendor/codeigniter4/framework/system/Autoloader/Autoloader.php(296): CodeIgniter\Autoloader\Autoloader->requireFile('/var/www/html/t...')
#1 /var/www/html/test-carefy/vendor/codeigniter4/framework/system/Autoloader/Autoloader.php(258): CodeIgniter\Autoloader\Autoloader->loadInNamespace('App\\Modules\\Adm...')
#2 [internal function]: CodeIgniter\Autoloader\Autoloader->loadClass('App\\Modules\\Adm...')
#3 [internal function]: spl_autoload_call('App\\Modules\\Adm...')
#4 /var/www/html/test-carefy/vendor/codeigniter4/framework/system/CodeIgniter.php(872): class_exists('\\App\\Modules\\Ad...', true)
#5 /var/www/html/test-carefy/vendor/codeigniter4/framework/system/CodeIgniter.php(397): CodeIgniter\CodeIgniter->startController()
#6 /var/www/html/test-carefy/vendor/codeigniter4/framework/system/CodeIgniter.php(315): CodeIgniter\CodeIgniter->handleRequest(NULL, Object(Config\Cache), false)
#7 /var/www/html/test-carefy/public/index.php(45): CodeIgniter\CodeIgniter->run()
#8 /var/www/html/test-carefy/vendor/codeigniter4/framework/system/Commands/Server/rewrite.php(34): require_once('/var/www/html/t...')
#9 {main}
CRITICAL - 2020-09-12 23:19:30 --> syntax error, unexpected 'var_dump' (T_STRING)
#0 /var/www/html/test-carefy/vendor/codeigniter4/framework/system/Autoloader/Autoloader.php(296): CodeIgniter\Autoloader\Autoloader->requireFile('/var/www/html/t...')
#1 /var/www/html/test-carefy/vendor/codeigniter4/framework/system/Autoloader/Autoloader.php(258): CodeIgniter\Autoloader\Autoloader->loadInNamespace('App\\Modules\\Adm...')
#2 [internal function]: CodeIgniter\Autoloader\Autoloader->loadClass('App\\Modules\\Adm...')
#3 [internal function]: spl_autoload_call('App\\Modules\\Adm...')
#4 /var/www/html/test-carefy/vendor/codeigniter4/framework/system/CodeIgniter.php(872): class_exists('\\App\\Modules\\Ad...', true)
#5 /var/www/html/test-carefy/vendor/codeigniter4/framework/system/CodeIgniter.php(397): CodeIgniter\CodeIgniter->startController()
#6 /var/www/html/test-carefy/vendor/codeigniter4/framework/system/CodeIgniter.php(315): CodeIgniter\CodeIgniter->handleRequest(NULL, Object(Config\Cache), false)
#7 /var/www/html/test-carefy/public/index.php(45): CodeIgniter\CodeIgniter->run()
#8 /var/www/html/test-carefy/vendor/codeigniter4/framework/system/Commands/Server/rewrite.php(34): require_once('/var/www/html/t...')
#9 {main}
CRITICAL - 2020-09-12 23:28:36 --> syntax error, unexpected 'var_dump' (T_STRING)
#0 /var/www/html/test-carefy/vendor/codeigniter4/framework/system/Autoloader/Autoloader.php(296): CodeIgniter\Autoloader\Autoloader->requireFile('/var/www/html/t...')
#1 /var/www/html/test-carefy/vendor/codeigniter4/framework/system/Autoloader/Autoloader.php(258): CodeIgniter\Autoloader\Autoloader->loadInNamespace('App\\Modules\\Adm...')
#2 [internal function]: CodeIgniter\Autoloader\Autoloader->loadClass('App\\Modules\\Adm...')
#3 [internal function]: spl_autoload_call('App\\Modules\\Adm...')
#4 /var/www/html/test-carefy/vendor/codeigniter4/framework/system/CodeIgniter.php(872): class_exists('\\App\\Modules\\Ad...', true)
#5 /var/www/html/test-carefy/vendor/codeigniter4/framework/system/CodeIgniter.php(397): CodeIgniter\CodeIgniter->startController()
#6 /var/www/html/test-carefy/vendor/codeigniter4/framework/system/CodeIgniter.php(315): CodeIgniter\CodeIgniter->handleRequest(NULL, Object(Config\Cache), false)
#7 /var/www/html/test-carefy/public/index.php(45): CodeIgniter\CodeIgniter->run()
#8 /var/www/html/test-carefy/vendor/codeigniter4/framework/system/Commands/Server/rewrite.php(34): require_once('/var/www/html/t...')
#9 {main}
